[3.480s] DEBUG:colcon:Command line arguments: ['/usr/bin/colcon', 'build']
[3.480s] DEBUG:colcon:Parsed command line arguments: Namespace(log_base=None, log_level=None, verb_name='build', build_base='build', install_base='install', merge_install=False, symlink_install=False, test_result_base=None, continue_on_error=False, executor='parallel', parallel_workers=4, event_handlers=None, ignore_user_meta=False, metas=['./colcon.meta'], base_paths=['.'], packages_ignore=None, packages_ignore_regex=None, paths=None, packages_up_to=None, packages_up_to_regex=None, packages_above=None, packages_above_and_dependencies=None, packages_above_depth=None, packages_select_by_dep=None, packages_skip_by_dep=None, packages_skip_up_to=None, packages_select_build_failed=False, packages_skip_build_finished=False, packages_select_test_failures=False, packages_skip_test_passed=False, packages_select=None, packages_skip=None, packages_select_regex=None, packages_skip_regex=None, packages_start=None, packages_end=None, allow_overriding=[], cmake_args=None, cmake_target=None, cmake_target_skip_unavailable=False, cmake_clean_cache=False, cmake_clean_first=False, cmake_force_configure=False, ament_cmake_args=None, catkin_cmake_args=None, catkin_skip_building_tests=False, verb_parser=<colcon_defaults.argument_parser.defaults.DefaultArgumentsDecorator object at 0x7f06fe349e70>, verb_extension=<colcon_core.verb.build.BuildVerb object at 0x7f06fe7fbd60>, main=<bound method BuildVerb.main of <colcon_core.verb.build.BuildVerb object at 0x7f06fe7fbd60>>)
[3.630s] Level 1:colcon.colcon_core.package_discovery:discover_packages(colcon_meta) check parameters
[3.630s] Level 1:colcon.colcon_core.package_discovery:discover_packages(recursive) check parameters
[3.630s] Level 1:colcon.colcon_core.package_discovery:discover_packages(ignore) check parameters
[3.630s] Level 1:colcon.colcon_core.package_discovery:discover_packages(path) check parameters
[3.631s] Level 1:colcon.colcon_core.package_discovery:discover_packages(colcon_meta) discover
[3.631s] Level 1:colcon.colcon_core.package_discovery:discover_packages(recursive) discover
[3.631s] INFO:colcon.colcon_core.package_discovery:Crawling recursively for packages in '/home/heron/clydesdale_ws'
[3.631s] Level 1:colcon.colcon_core.package_identification:_identify(.) by extensions ['ignore', 'ignore_ament_install']
[3.631s] Level 1:colcon.colcon_core.package_identification:_identify(.) by extension 'ignore'
[3.632s] Level 1:colcon.colcon_core.package_identification:_identify(.) by extension 'ignore_ament_install'
[3.632s] Level 1:colcon.colcon_core.package_identification:_identify(.) by extensions ['colcon_pkg']
[3.632s] Level 1:colcon.colcon_core.package_identification:_identify(.) by extension 'colcon_pkg'
[3.632s] Level 1:colcon.colcon_core.package_identification:_identify(.) by extensions ['colcon_meta']
[3.632s] Level 1:colcon.colcon_core.package_identification:_identify(.) by extension 'colcon_meta'
[3.632s] Level 1:colcon.colcon_core.package_identification:_identify(.) by extensions ['ros']
[3.632s] Level 1:colcon.colcon_core.package_identification:_identify(.) by extension 'ros'
[3.671s] Level 1:colcon.colcon_core.package_identification:_identify(.) by extensions ['cmake', 'python']
[3.671s] Level 1:colcon.colcon_core.package_identification:_identify(.) by extension 'cmake'
[3.671s] Level 1:colcon.colcon_core.package_identification:_identify(.) by extension 'python'
[3.672s] Level 1:colcon.colcon_core.package_identification:_identify(.) by extensions ['python_setup_py']
[3.672s] Level 1:colcon.colcon_core.package_identification:_identify(.) by extension 'python_setup_py'
[3.672s] Level 1:colcon.colcon_core.package_identification:_identify(build) by extensions ['ignore', 'ignore_ament_install']
[3.672s] Level 1:colcon.colcon_core.package_identification:_identify(build) by extension 'ignore'
[3.672s] Level 1:colcon.colcon_core.package_identification:_identify(build) ignored
[3.673s] Level 1:colcon.colcon_core.package_identification:_identify(install) by extensions ['ignore', 'ignore_ament_install']
[3.673s] Level 1:colcon.colcon_core.package_identification:_identify(install) by extension 'ignore'
[3.673s] Level 1:colcon.colcon_core.package_identification:_identify(install) ignored
[3.673s] Level 1:colcon.colcon_core.package_identification:_identify(log) by extensions ['ignore', 'ignore_ament_install']
[3.674s] Level 1:colcon.colcon_core.package_identification:_identify(log) by extension 'ignore'
[3.674s] Level 1:colcon.colcon_core.package_identification:_identify(log) ignored
[3.674s] Level 1:colcon.colcon_core.package_identification:_identify(src) by extensions ['ignore', 'ignore_ament_install']
[3.674s] Level 1:colcon.colcon_core.package_identification:_identify(src) by extension 'ignore'
[3.674s] Level 1:colcon.colcon_core.package_identification:_identify(src) by extension 'ignore_ament_install'
[3.675s] Level 1:colcon.colcon_core.package_identification:_identify(src) by extensions ['colcon_pkg']
[3.675s] Level 1:colcon.colcon_core.package_identification:_identify(src) by extension 'colcon_pkg'
[3.675s] Level 1:colcon.colcon_core.package_identification:_identify(src) by extensions ['colcon_meta']
[3.675s] Level 1:colcon.colcon_core.package_identification:_identify(src) by extension 'colcon_meta'
[3.675s] Level 1:colcon.colcon_core.package_identification:_identify(src) by extensions ['ros']
[3.675s] Level 1:colcon.colcon_core.package_identification:_identify(src) by extension 'ros'
[3.675s] Level 1:colcon.colcon_core.package_identification:_identify(src) by extensions ['cmake', 'python']
[3.675s] Level 1:colcon.colcon_core.package_identification:_identify(src) by extension 'cmake'
[3.676s] Level 1:colcon.colcon_core.package_identification:_identify(src) by extension 'python'
[3.676s] Level 1:colcon.colcon_core.package_identification:_identify(src) by extensions ['python_setup_py']
[3.676s] Level 1:colcon.colcon_core.package_identification:_identify(src) by extension 'python_setup_py'
[3.676s] Level 1:colcon.colcon_core.package_identification:_identify(src/clydesdale_robot) by extensions ['ignore', 'ignore_ament_install']
[3.676s] Level 1:colcon.colcon_core.package_identification:_identify(src/clydesdale_robot) by extension 'ignore'
[3.676s] Level 1:colcon.colcon_core.package_identification:_identify(src/clydesdale_robot) by extension 'ignore_ament_install'
[3.677s] Level 1:colcon.colcon_core.package_identification:_identify(src/clydesdale_robot) by extensions ['colcon_pkg']
[3.677s] Level 1:colcon.colcon_core.package_identification:_identify(src/clydesdale_robot) by extension 'colcon_pkg'
[3.677s] Level 1:colcon.colcon_core.package_identification:_identify(src/clydesdale_robot) by extensions ['colcon_meta']
[3.677s] Level 1:colcon.colcon_core.package_identification:_identify(src/clydesdale_robot) by extension 'colcon_meta'
[3.677s] Level 1:colcon.colcon_core.package_identification:_identify(src/clydesdale_robot) by extensions ['ros']
[3.677s] Level 1:colcon.colcon_core.package_identification:_identify(src/clydesdale_robot) by extension 'ros'
[3.684s] DEBUG:colcon.colcon_core.package_identification:Package 'src/clydesdale_robot' with type 'ros.ament_cmake' and name 'clydesdale_robot'
[3.684s] Level 1:colcon.colcon_core.package_discovery:discover_packages(recursive) using defaults
[3.684s] Level 1:colcon.colcon_core.package_discovery:discover_packages(ignore) discover
[3.684s] Level 1:colcon.colcon_core.package_discovery:discover_packages(ignore) using defaults
[3.684s] Level 1:colcon.colcon_core.package_discovery:discover_packages(path) discover
[3.684s] Level 1:colcon.colcon_core.package_discovery:discover_packages(path) using defaults
[3.992s] Level 1:colcon.colcon_core.package_discovery:discover_packages(prefix_path) check parameters
[3.992s] Level 1:colcon.colcon_core.package_discovery:discover_packages(prefix_path) discover
[4.100s] DEBUG:colcon.colcon_installed_package_information.package_discovery:Found 1 installed packages in /home/heron/clydesdale_ws/install
[4.156s] DEBUG:colcon.colcon_installed_package_information.package_discovery:Found 293 installed packages in /opt/ros/iron
[4.163s] Level 1:colcon.colcon_core.package_discovery:discover_packages(prefix_path) using defaults
[4.490s] Level 5:colcon.colcon_core.verb:set package 'clydesdale_robot' build argument 'cmake_args' from command line to 'None'
[4.490s] Level 5:colcon.colcon_core.verb:set package 'clydesdale_robot' build argument 'cmake_target' from command line to 'None'
[4.490s] Level 5:colcon.colcon_core.verb:set package 'clydesdale_robot' build argument 'cmake_target_skip_unavailable' from command line to 'False'
[4.490s] Level 5:colcon.colcon_core.verb:set package 'clydesdale_robot' build argument 'cmake_clean_cache' from command line to 'False'
[4.490s] Level 5:colcon.colcon_core.verb:set package 'clydesdale_robot' build argument 'cmake_clean_first' from command line to 'False'
[4.490s] Level 5:colcon.colcon_core.verb:set package 'clydesdale_robot' build argument 'cmake_force_configure' from command line to 'False'
[4.491s] Level 5:colcon.colcon_core.verb:set package 'clydesdale_robot' build argument 'ament_cmake_args' from command line to 'None'
[4.491s] Level 5:colcon.colcon_core.verb:set package 'clydesdale_robot' build argument 'catkin_cmake_args' from command line to 'None'
[4.491s] Level 5:colcon.colcon_core.verb:set package 'clydesdale_robot' build argument 'catkin_skip_building_tests' from command line to 'False'
[4.491s] DEBUG:colcon.colcon_core.verb:Building package 'clydesdale_robot' with the following arguments: {'ament_cmake_args': None, 'build_base': '/home/heron/clydesdale_ws/build/clydesdale_robot', 'catkin_cmake_args': None, 'catkin_skip_building_tests': False, 'cmake_args': None, 'cmake_clean_cache': False, 'cmake_clean_first': False, 'cmake_force_configure': False, 'cmake_target': None, 'cmake_target_skip_unavailable': False, 'install_base': '/home/heron/clydesdale_ws/install/clydesdale_robot', 'merge_install': False, 'path': '/home/heron/clydesdale_ws/src/clydesdale_robot', 'symlink_install': False, 'test_result_base': None}
[4.541s] INFO:colcon.colcon_core.executor:Executing jobs using 'parallel' executor
[4.594s] DEBUG:colcon.colcon_parallel_executor.executor.parallel:run_until_complete
[4.595s] INFO:colcon.colcon_ros.task.ament_cmake.build:Building ROS package in '/home/heron/clydesdale_ws/src/clydesdale_robot' with build type 'ament_cmake'
[4.595s] INFO:colcon.colcon_cmake.task.cmake.build:Building CMake package in '/home/heron/clydesdale_ws/src/clydesdale_robot'
[4.654s] INFO:colcon.colcon_core.plugin_system:Skipping extension 'colcon_core.shell.bat': Not used on non-Windows systems
[4.655s] INFO:colcon.colcon_core.shell:Skip shell extension 'powershell' for command environment: Not usable outside of PowerShell
[4.656s] DEBUG:colcon.colcon_core.shell:Skip shell extension 'dsv' for command environment
[4.838s] DEBUG:colcon.colcon_core.event_handler.log_command:Invoking command in '/home/heron/clydesdale_ws/build/clydesdale_robot': CMAKE_PREFIX_PATH=${CMAKE_PREFIX_PATH}:/opt/ros/iron /usr/bin/cmake --build /home/heron/clydesdale_ws/build/clydesdale_robot -- -j4 -l4
[4.980s] DEBUG:colcon.colcon_core.event_handler.log_command:Invoked command in '/home/heron/clydesdale_ws/build/clydesdale_robot' returned '0': CMAKE_PREFIX_PATH=${CMAKE_PREFIX_PATH}:/opt/ros/iron /usr/bin/cmake --build /home/heron/clydesdale_ws/build/clydesdale_robot -- -j4 -l4
[5.115s] DEBUG:colcon.colcon_core.event_handler.log_command:Invoking command in '/home/heron/clydesdale_ws/build/clydesdale_robot': CMAKE_PREFIX_PATH=${CMAKE_PREFIX_PATH}:/opt/ros/iron /usr/bin/cmake --install /home/heron/clydesdale_ws/build/clydesdale_robot
[5.164s] Level 1:colcon.colcon_core.environment:create_environment_scripts_only(clydesdale_robot)
[5.168s] DEBUG:colcon.colcon_core.event_handler.log_command:Invoked command in '/home/heron/clydesdale_ws/build/clydesdale_robot' returned '0': CMAKE_PREFIX_PATH=${CMAKE_PREFIX_PATH}:/opt/ros/iron /usr/bin/cmake --install /home/heron/clydesdale_ws/build/clydesdale_robot
[5.274s] Level 1:colcon.colcon_core.environment:checking '/home/heron/clydesdale_ws/install/clydesdale_robot' for CMake module files
[5.276s] Level 1:colcon.colcon_core.environment:checking '/home/heron/clydesdale_ws/install/clydesdale_robot' for CMake config files
[5.277s] Level 1:colcon.colcon_core.shell:create_environment_hook('clydesdale_robot', 'cmake_prefix_path')
[5.330s] INFO:colcon.colcon_core.shell:Creating environment hook '/home/heron/clydesdale_ws/install/clydesdale_robot/share/clydesdale_robot/hook/cmake_prefix_path.ps1'
[5.333s] INFO:colcon.colcon_core.shell:Creating environment descriptor '/home/heron/clydesdale_ws/install/clydesdale_robot/share/clydesdale_robot/hook/cmake_prefix_path.dsv'
[5.334s] INFO:colcon.colcon_core.shell:Creating environment hook '/home/heron/clydesdale_ws/install/clydesdale_robot/share/clydesdale_robot/hook/cmake_prefix_path.sh'
[5.337s] Level 1:colcon.colcon_core.environment:checking '/home/heron/clydesdale_ws/install/clydesdale_robot/bin'
[5.337s] Level 1:colcon.colcon_core.environment:checking '/home/heron/clydesdale_ws/install/clydesdale_robot/lib/pkgconfig/clydesdale_robot.pc'
[5.338s] Level 1:colcon.colcon_core.environment:checking '/home/heron/clydesdale_ws/install/clydesdale_robot/lib/python3.10/site-packages'
[5.338s] Level 1:colcon.colcon_core.environment:checking '/home/heron/clydesdale_ws/install/clydesdale_robot/bin'
[5.389s] INFO:colcon.colcon_core.shell:Creating package script '/home/heron/clydesdale_ws/install/clydesdale_robot/share/clydesdale_robot/package.ps1'
[5.391s] INFO:colcon.colcon_core.shell:Creating package descriptor '/home/heron/clydesdale_ws/install/clydesdale_robot/share/clydesdale_robot/package.dsv'
[5.393s] INFO:colcon.colcon_core.shell:Creating package script '/home/heron/clydesdale_ws/install/clydesdale_robot/share/clydesdale_robot/package.sh'
[5.395s] INFO:colcon.colcon_core.shell:Creating package script '/home/heron/clydesdale_ws/install/clydesdale_robot/share/clydesdale_robot/package.bash'
[5.397s] INFO:colcon.colcon_core.shell:Creating package script '/home/heron/clydesdale_ws/install/clydesdale_robot/share/clydesdale_robot/package.zsh'
[5.399s] Level 1:colcon.colcon_core.environment:create_file_with_runtime_dependencies(/home/heron/clydesdale_ws/install/clydesdale_robot/share/colcon-core/packages/clydesdale_robot)
[5.545s] Level 1:colcon.colcon_core.environment:create_environment_scripts_only(clydesdale_robot)
[5.595s] Level 1:colcon.colcon_core.environment:checking '/home/heron/clydesdale_ws/install/clydesdale_robot' for CMake module files
[5.597s] Level 1:colcon.colcon_core.environment:checking '/home/heron/clydesdale_ws/install/clydesdale_robot' for CMake config files
[5.597s] Level 1:colcon.colcon_core.shell:create_environment_hook('clydesdale_robot', 'cmake_prefix_path')
[5.663s] INFO:colcon.colcon_core.shell:Creating environment hook '/home/heron/clydesdale_ws/install/clydesdale_robot/share/clydesdale_robot/hook/cmake_prefix_path.ps1'
[5.665s] INFO:colcon.colcon_core.shell:Creating environment descriptor '/home/heron/clydesdale_ws/install/clydesdale_robot/share/clydesdale_robot/hook/cmake_prefix_path.dsv'
[5.666s] INFO:colcon.colcon_core.shell:Creating environment hook '/home/heron/clydesdale_ws/install/clydesdale_robot/share/clydesdale_robot/hook/cmake_prefix_path.sh'
[5.668s] Level 1:colcon.colcon_core.environment:checking '/home/heron/clydesdale_ws/install/clydesdale_robot/bin'
[5.669s] Level 1:colcon.colcon_core.environment:checking '/home/heron/clydesdale_ws/install/clydesdale_robot/lib/pkgconfig/clydesdale_robot.pc'
[5.670s] Level 1:colcon.colcon_core.environment:checking '/home/heron/clydesdale_ws/install/clydesdale_robot/lib/python3.10/site-packages'
[5.671s] Level 1:colcon.colcon_core.environment:checking '/home/heron/clydesdale_ws/install/clydesdale_robot/bin'
[5.755s] INFO:colcon.colcon_core.shell:Creating package script '/home/heron/clydesdale_ws/install/clydesdale_robot/share/clydesdale_robot/package.ps1'
[5.757s] INFO:colcon.colcon_core.shell:Creating package descriptor '/home/heron/clydesdale_ws/install/clydesdale_robot/share/clydesdale_robot/package.dsv'
[5.759s] INFO:colcon.colcon_core.shell:Creating package script '/home/heron/clydesdale_ws/install/clydesdale_robot/share/clydesdale_robot/package.sh'
[5.761s] INFO:colcon.colcon_core.shell:Creating package script '/home/heron/clydesdale_ws/install/clydesdale_robot/share/clydesdale_robot/package.bash'
[5.767s] INFO:colcon.colcon_core.shell:Creating package script '/home/heron/clydesdale_ws/install/clydesdale_robot/share/clydesdale_robot/package.zsh'
[5.769s] Level 1:colcon.colcon_core.environment:create_file_with_runtime_dependencies(/home/heron/clydesdale_ws/install/clydesdale_robot/share/colcon-core/packages/clydesdale_robot)
[5.770s] DEBUG:colcon.colcon_parallel_executor.executor.parallel:closing loop
[5.771s] DEBUG:colcon.colcon_parallel_executor.executor.parallel:loop closed
[5.772s] DEBUG:colcon.colcon_parallel_executor.executor.parallel:run_until_complete finished with '0'
[5.772s] DEBUG:colcon.colcon_core.event_reactor:joining thread
[5.870s] INFO:colcon.colcon_core.plugin_system:Skipping extension 'colcon_notification.desktop_notification.terminal_notifier': Not used on non-Darwin systems
[5.870s] INFO:colcon.colcon_core.plugin_system:Skipping extension 'colcon_notification.desktop_notification.win32': Not used on non-Windows systems
[5.870s] INFO:colcon.colcon_notification.desktop_notification:Sending desktop notification using 'notify2'
[5.908s] DEBUG:colcon.colcon_core.event_reactor:joined thread
[5.966s] INFO:colcon.colcon_core.shell:Creating prefix script '/home/heron/clydesdale_ws/install/local_setup.ps1'
[5.969s] INFO:colcon.colcon_core.shell:Creating prefix util module '/home/heron/clydesdale_ws/install/_local_setup_util_ps1.py'
[5.974s] INFO:colcon.colcon_core.shell:Creating prefix chain script '/home/heron/clydesdale_ws/install/setup.ps1'
[6.030s] INFO:colcon.colcon_core.shell:Creating prefix script '/home/heron/clydesdale_ws/install/local_setup.sh'
[6.031s] INFO:colcon.colcon_core.shell:Creating prefix util module '/home/heron/clydesdale_ws/install/_local_setup_util_sh.py'
[6.032s] INFO:colcon.colcon_core.shell:Creating prefix chain script '/home/heron/clydesdale_ws/install/setup.sh'
[6.088s] INFO:colcon.colcon_core.shell:Creating prefix script '/home/heron/clydesdale_ws/install/local_setup.bash'
[6.090s] INFO:colcon.colcon_core.shell:Creating prefix chain script '/home/heron/clydesdale_ws/install/setup.bash'
[6.144s] INFO:colcon.colcon_core.shell:Creating prefix script '/home/heron/clydesdale_ws/install/local_setup.zsh'
[6.145s] INFO:colcon.colcon_core.shell:Creating prefix chain script '/home/heron/clydesdale_ws/install/setup.zsh'
