[3.454s] DEBUG:colcon:Command line arguments: ['/usr/bin/colcon', 'build']
[3.455s] DEBUG:colcon:Parsed command line arguments: Namespace(log_base=None, log_level=None, verb_name='build', build_base='build', install_base='install', merge_install=False, symlink_install=False, test_result_base=None, continue_on_error=False, executor='parallel', parallel_workers=4, event_handlers=None, ignore_user_meta=False, metas=['./colcon.meta'], base_paths=['.'], packages_ignore=None, packages_ignore_regex=None, paths=None, packages_up_to=None, packages_up_to_regex=None, packages_above=None, packages_above_and_dependencies=None, packages_above_depth=None, packages_select_by_dep=None, packages_skip_by_dep=None, packages_skip_up_to=None, packages_select_build_failed=False, packages_skip_build_finished=False, packages_select_test_failures=False, packages_skip_test_passed=False, packages_select=None, packages_skip=None, packages_select_regex=None, packages_skip_regex=None, packages_start=None, packages_end=None, allow_overriding=[], cmake_args=None, cmake_target=None, cmake_target_skip_unavailable=False, cmake_clean_cache=False, cmake_clean_first=False, cmake_force_configure=False, ament_cmake_args=None, catkin_cmake_args=None, catkin_skip_building_tests=False, verb_parser=<colcon_defaults.argument_parser.defaults.DefaultArgumentsDecorator object at 0x7ff084209e10>, verb_extension=<colcon_core.verb.build.BuildVerb object at 0x7ff08466fd60>, main=<bound method BuildVerb.main of <colcon_core.verb.build.BuildVerb object at 0x7ff08466fd60>>)
[3.604s] Level 1:colcon.colcon_core.package_discovery:discover_packages(colcon_meta) check parameters
[3.604s] Level 1:colcon.colcon_core.package_discovery:discover_packages(recursive) check parameters
[3.604s] Level 1:colcon.colcon_core.package_discovery:discover_packages(ignore) check parameters
[3.604s] Level 1:colcon.colcon_core.package_discovery:discover_packages(path) check parameters
[3.605s] Level 1:colcon.colcon_core.package_discovery:discover_packages(colcon_meta) discover
[3.605s] Level 1:colcon.colcon_core.package_discovery:discover_packages(recursive) discover
[3.605s] INFO:colcon.colcon_core.package_discovery:Crawling recursively for packages in '/home/heron/clydesdale_ws'
[3.605s] Level 1:colcon.colcon_core.package_identification:_identify(.) by extensions ['ignore', 'ignore_ament_install']
[3.605s] Level 1:colcon.colcon_core.package_identification:_identify(.) by extension 'ignore'
[3.606s] Level 1:colcon.colcon_core.package_identification:_identify(.) by extension 'ignore_ament_install'
[3.606s] Level 1:colcon.colcon_core.package_identification:_identify(.) by extensions ['colcon_pkg']
[3.606s] Level 1:colcon.colcon_core.package_identification:_identify(.) by extension 'colcon_pkg'
[3.606s] Level 1:colcon.colcon_core.package_identification:_identify(.) by extensions ['colcon_meta']
[3.606s] Level 1:colcon.colcon_core.package_identification:_identify(.) by extension 'colcon_meta'
[3.606s] Level 1:colcon.colcon_core.package_identification:_identify(.) by extensions ['ros']
[3.606s] Level 1:colcon.colcon_core.package_identification:_identify(.) by extension 'ros'
[3.642s] Level 1:colcon.colcon_core.package_identification:_identify(.) by extensions ['cmake', 'python']
[3.642s] Level 1:colcon.colcon_core.package_identification:_identify(.) by extension 'cmake'
[3.642s] Level 1:colcon.colcon_core.package_identification:_identify(.) by extension 'python'
[3.642s] Level 1:colcon.colcon_core.package_identification:_identify(.) by extensions ['python_setup_py']
[3.642s] Level 1:colcon.colcon_core.package_identification:_identify(.) by extension 'python_setup_py'
[3.643s] Level 1:colcon.colcon_core.package_identification:_identify(build) by extensions ['ignore', 'ignore_ament_install']
[3.643s] Level 1:colcon.colcon_core.package_identification:_identify(build) by extension 'ignore'
[3.643s] Level 1:colcon.colcon_core.package_identification:_identify(build) ignored
[3.643s] Level 1:colcon.colcon_core.package_identification:_identify(install) by extensions ['ignore', 'ignore_ament_install']
[3.643s] Level 1:colcon.colcon_core.package_identification:_identify(install) by extension 'ignore'
[3.644s] Level 1:colcon.colcon_core.package_identification:_identify(install) ignored
[3.644s] Level 1:colcon.colcon_core.package_identification:_identify(log) by extensions ['ignore', 'ignore_ament_install']
[3.644s] Level 1:colcon.colcon_core.package_identification:_identify(log) by extension 'ignore'
[3.644s] Level 1:colcon.colcon_core.package_identification:_identify(log) ignored
[3.644s] Level 1:colcon.colcon_core.package_identification:_identify(src) by extensions ['ignore', 'ignore_ament_install']
[3.645s] Level 1:colcon.colcon_core.package_identification:_identify(src) by extension 'ignore'
[3.645s] Level 1:colcon.colcon_core.package_identification:_identify(src) by extension 'ignore_ament_install'
[3.645s] Level 1:colcon.colcon_core.package_identification:_identify(src) by extensions ['colcon_pkg']
[3.645s] Level 1:colcon.colcon_core.package_identification:_identify(src) by extension 'colcon_pkg'
[3.645s] Level 1:colcon.colcon_core.package_identification:_identify(src) by extensions ['colcon_meta']
[3.645s] Level 1:colcon.colcon_core.package_identification:_identify(src) by extension 'colcon_meta'
[3.645s] Level 1:colcon.colcon_core.package_identification:_identify(src) by extensions ['ros']
[3.646s] Level 1:colcon.colcon_core.package_identification:_identify(src) by extension 'ros'
[3.646s] Level 1:colcon.colcon_core.package_identification:_identify(src) by extensions ['cmake', 'python']
[3.646s] Level 1:colcon.colcon_core.package_identification:_identify(src) by extension 'cmake'
[3.646s] Level 1:colcon.colcon_core.package_identification:_identify(src) by extension 'python'
[3.646s] Level 1:colcon.colcon_core.package_identification:_identify(src) by extensions ['python_setup_py']
[3.646s] Level 1:colcon.colcon_core.package_identification:_identify(src) by extension 'python_setup_py'
[3.646s] Level 1:colcon.colcon_core.package_identification:_identify(src/clydesdale_robot) by extensions ['ignore', 'ignore_ament_install']
[3.647s] Level 1:colcon.colcon_core.package_identification:_identify(src/clydesdale_robot) by extension 'ignore'
[3.647s] Level 1:colcon.colcon_core.package_identification:_identify(src/clydesdale_robot) by extension 'ignore_ament_install'
[3.647s] Level 1:colcon.colcon_core.package_identification:_identify(src/clydesdale_robot) by extensions ['colcon_pkg']
[3.647s] Level 1:colcon.colcon_core.package_identification:_identify(src/clydesdale_robot) by extension 'colcon_pkg'
[3.647s] Level 1:colcon.colcon_core.package_identification:_identify(src/clydesdale_robot) by extensions ['colcon_meta']
[3.647s] Level 1:colcon.colcon_core.package_identification:_identify(src/clydesdale_robot) by extension 'colcon_meta'
[3.648s] Level 1:colcon.colcon_core.package_identification:_identify(src/clydesdale_robot) by extensions ['ros']
[3.648s] Level 1:colcon.colcon_core.package_identification:_identify(src/clydesdale_robot) by extension 'ros'
[3.654s] DEBUG:colcon.colcon_core.package_identification:Package 'src/clydesdale_robot' with type 'ros.ament_cmake' and name 'clydesdale_robot'
[3.654s] Level 1:colcon.colcon_core.package_discovery:discover_packages(recursive) using defaults
[3.655s] Level 1:colcon.colcon_core.package_discovery:discover_packages(ignore) discover
[3.655s] Level 1:colcon.colcon_core.package_discovery:discover_packages(ignore) using defaults
[3.655s] Level 1:colcon.colcon_core.package_discovery:discover_packages(path) discover
[3.655s] Level 1:colcon.colcon_core.package_discovery:discover_packages(path) using defaults
[3.963s] Level 1:colcon.colcon_core.package_discovery:discover_packages(prefix_path) check parameters
[3.963s] Level 1:colcon.colcon_core.package_discovery:discover_packages(prefix_path) discover
[4.069s] DEBUG:colcon.colcon_installed_package_information.package_discovery:Found 1 installed packages in /home/heron/clydesdale_ws/install
[4.124s] DEBUG:colcon.colcon_installed_package_information.package_discovery:Found 293 installed packages in /opt/ros/iron
[4.130s] Level 1:colcon.colcon_core.package_discovery:discover_packages(prefix_path) using defaults
[4.458s] Level 5:colcon.colcon_core.verb:set package 'clydesdale_robot' build argument 'cmake_args' from command line to 'None'
[4.458s] Level 5:colcon.colcon_core.verb:set package 'clydesdale_robot' build argument 'cmake_target' from command line to 'None'
[4.458s] Level 5:colcon.colcon_core.verb:set package 'clydesdale_robot' build argument 'cmake_target_skip_unavailable' from command line to 'False'
[4.458s] Level 5:colcon.colcon_core.verb:set package 'clydesdale_robot' build argument 'cmake_clean_cache' from command line to 'False'
[4.458s] Level 5:colcon.colcon_core.verb:set package 'clydesdale_robot' build argument 'cmake_clean_first' from command line to 'False'
[4.458s] Level 5:colcon.colcon_core.verb:set package 'clydesdale_robot' build argument 'cmake_force_configure' from command line to 'False'
[4.458s] Level 5:colcon.colcon_core.verb:set package 'clydesdale_robot' build argument 'ament_cmake_args' from command line to 'None'
[4.459s] Level 5:colcon.colcon_core.verb:set package 'clydesdale_robot' build argument 'catkin_cmake_args' from command line to 'None'
[4.459s] Level 5:colcon.colcon_core.verb:set package 'clydesdale_robot' build argument 'catkin_skip_building_tests' from command line to 'False'
[4.459s] DEBUG:colcon.colcon_core.verb:Building package 'clydesdale_robot' with the following arguments: {'ament_cmake_args': None, 'build_base': '/home/heron/clydesdale_ws/build/clydesdale_robot', 'catkin_cmake_args': None, 'catkin_skip_building_tests': False, 'cmake_args': None, 'cmake_clean_cache': False, 'cmake_clean_first': False, 'cmake_force_configure': False, 'cmake_target': None, 'cmake_target_skip_unavailable': False, 'install_base': '/home/heron/clydesdale_ws/install/clydesdale_robot', 'merge_install': False, 'path': '/home/heron/clydesdale_ws/src/clydesdale_robot', 'symlink_install': False, 'test_result_base': None}
[4.510s] INFO:colcon.colcon_core.executor:Executing jobs using 'parallel' executor
[4.564s] DEBUG:colcon.colcon_parallel_executor.executor.parallel:run_until_complete
[4.565s] INFO:colcon.colcon_ros.task.ament_cmake.build:Building ROS package in '/home/heron/clydesdale_ws/src/clydesdale_robot' with build type 'ament_cmake'
[4.565s] INFO:colcon.colcon_cmake.task.cmake.build:Building CMake package in '/home/heron/clydesdale_ws/src/clydesdale_robot'
[4.622s] INFO:colcon.colcon_core.plugin_system:Skipping extension 'colcon_core.shell.bat': Not used on non-Windows systems
[4.623s] INFO:colcon.colcon_core.shell:Skip shell extension 'powershell' for command environment: Not usable outside of PowerShell
[4.623s] DEBUG:colcon.colcon_core.shell:Skip shell extension 'dsv' for command environment
[4.803s] DEBUG:colcon.colcon_core.event_handler.log_command:Invoking command in '/home/heron/clydesdale_ws/build/clydesdale_robot': CMAKE_PREFIX_PATH=${CMAKE_PREFIX_PATH}:/opt/ros/iron /usr/bin/cmake --build /home/heron/clydesdale_ws/build/clydesdale_robot -- -j4 -l4
[4.917s] DEBUG:colcon.colcon_core.event_handler.log_command:Invoked command in '/home/heron/clydesdale_ws/build/clydesdale_robot' returned '0': CMAKE_PREFIX_PATH=${CMAKE_PREFIX_PATH}:/opt/ros/iron /usr/bin/cmake --build /home/heron/clydesdale_ws/build/clydesdale_robot -- -j4 -l4
[5.032s] DEBUG:colcon.colcon_core.event_handler.log_command:Invoking command in '/home/heron/clydesdale_ws/build/clydesdale_robot': CMAKE_PREFIX_PATH=${CMAKE_PREFIX_PATH}:/opt/ros/iron /usr/bin/cmake --install /home/heron/clydesdale_ws/build/clydesdale_robot
[5.073s] Level 1:colcon.colcon_core.environment:create_environment_scripts_only(clydesdale_robot)
[5.089s] DEBUG:colcon.colcon_core.event_handler.log_command:Invoked command in '/home/heron/clydesdale_ws/build/clydesdale_robot' returned '0': CMAKE_PREFIX_PATH=${CMAKE_PREFIX_PATH}:/opt/ros/iron /usr/bin/cmake --install /home/heron/clydesdale_ws/build/clydesdale_robot
[5.186s] Level 1:colcon.colcon_core.environment:checking '/home/heron/clydesdale_ws/install/clydesdale_robot' for CMake module files
[5.187s] Level 1:colcon.colcon_core.environment:checking '/home/heron/clydesdale_ws/install/clydesdale_robot' for CMake config files
[5.188s] Level 1:colcon.colcon_core.shell:create_environment_hook('clydesdale_robot', 'cmake_prefix_path')
[5.239s] INFO:colcon.colcon_core.shell:Creating environment hook '/home/heron/clydesdale_ws/install/clydesdale_robot/share/clydesdale_robot/hook/cmake_prefix_path.ps1'
[5.241s] INFO:colcon.colcon_core.shell:Creating environment descriptor '/home/heron/clydesdale_ws/install/clydesdale_robot/share/clydesdale_robot/hook/cmake_prefix_path.dsv'
[5.242s] INFO:colcon.colcon_core.shell:Creating environment hook '/home/heron/clydesdale_ws/install/clydesdale_robot/share/clydesdale_robot/hook/cmake_prefix_path.sh'
[5.244s] Level 1:colcon.colcon_core.environment:checking '/home/heron/clydesdale_ws/install/clydesdale_robot/bin'
[5.245s] Level 1:colcon.colcon_core.environment:checking '/home/heron/clydesdale_ws/install/clydesdale_robot/lib/pkgconfig/clydesdale_robot.pc'
[5.245s] Level 1:colcon.colcon_core.environment:checking '/home/heron/clydesdale_ws/install/clydesdale_robot/lib/python3.10/site-packages'
[5.246s] Level 1:colcon.colcon_core.environment:checking '/home/heron/clydesdale_ws/install/clydesdale_robot/bin'
[5.298s] INFO:colcon.colcon_core.shell:Creating package script '/home/heron/clydesdale_ws/install/clydesdale_robot/share/clydesdale_robot/package.ps1'
[5.300s] INFO:colcon.colcon_core.shell:Creating package descriptor '/home/heron/clydesdale_ws/install/clydesdale_robot/share/clydesdale_robot/package.dsv'
[5.302s] INFO:colcon.colcon_core.shell:Creating package script '/home/heron/clydesdale_ws/install/clydesdale_robot/share/clydesdale_robot/package.sh'
[5.304s] INFO:colcon.colcon_core.shell:Creating package script '/home/heron/clydesdale_ws/install/clydesdale_robot/share/clydesdale_robot/package.bash'
[5.306s] INFO:colcon.colcon_core.shell:Creating package script '/home/heron/clydesdale_ws/install/clydesdale_robot/share/clydesdale_robot/package.zsh'
[5.308s] Level 1:colcon.colcon_core.environment:create_file_with_runtime_dependencies(/home/heron/clydesdale_ws/install/clydesdale_robot/share/colcon-core/packages/clydesdale_robot)
[5.468s] Level 1:colcon.colcon_core.environment:create_environment_scripts_only(clydesdale_robot)
[5.519s] Level 1:colcon.colcon_core.environment:checking '/home/heron/clydesdale_ws/install/clydesdale_robot' for CMake module files
[5.521s] Level 1:colcon.colcon_core.environment:checking '/home/heron/clydesdale_ws/install/clydesdale_robot' for CMake config files
[5.522s] Level 1:colcon.colcon_core.shell:create_environment_hook('clydesdale_robot', 'cmake_prefix_path')
[5.571s] INFO:colcon.colcon_core.shell:Creating environment hook '/home/heron/clydesdale_ws/install/clydesdale_robot/share/clydesdale_robot/hook/cmake_prefix_path.ps1'
[5.573s] INFO:colcon.colcon_core.shell:Creating environment descriptor '/home/heron/clydesdale_ws/install/clydesdale_robot/share/clydesdale_robot/hook/cmake_prefix_path.dsv'
[5.573s] INFO:colcon.colcon_core.shell:Creating environment hook '/home/heron/clydesdale_ws/install/clydesdale_robot/share/clydesdale_robot/hook/cmake_prefix_path.sh'
[5.575s] Level 1:colcon.colcon_core.environment:checking '/home/heron/clydesdale_ws/install/clydesdale_robot/bin'
[5.575s] Level 1:colcon.colcon_core.environment:checking '/home/heron/clydesdale_ws/install/clydesdale_robot/lib/pkgconfig/clydesdale_robot.pc'
[5.576s] Level 1:colcon.colcon_core.environment:checking '/home/heron/clydesdale_ws/install/clydesdale_robot/lib/python3.10/site-packages'
[5.576s] Level 1:colcon.colcon_core.environment:checking '/home/heron/clydesdale_ws/install/clydesdale_robot/bin'
[5.627s] INFO:colcon.colcon_core.shell:Creating package script '/home/heron/clydesdale_ws/install/clydesdale_robot/share/clydesdale_robot/package.ps1'
[5.629s] INFO:colcon.colcon_core.shell:Creating package descriptor '/home/heron/clydesdale_ws/install/clydesdale_robot/share/clydesdale_robot/package.dsv'
[5.630s] INFO:colcon.colcon_core.shell:Creating package script '/home/heron/clydesdale_ws/install/clydesdale_robot/share/clydesdale_robot/package.sh'
[5.631s] INFO:colcon.colcon_core.shell:Creating package script '/home/heron/clydesdale_ws/install/clydesdale_robot/share/clydesdale_robot/package.bash'
[5.632s] INFO:colcon.colcon_core.shell:Creating package script '/home/heron/clydesdale_ws/install/clydesdale_robot/share/clydesdale_robot/package.zsh'
[5.633s] Level 1:colcon.colcon_core.environment:create_file_with_runtime_dependencies(/home/heron/clydesdale_ws/install/clydesdale_robot/share/colcon-core/packages/clydesdale_robot)
[5.634s] DEBUG:colcon.colcon_parallel_executor.executor.parallel:closing loop
[5.634s] DEBUG:colcon.colcon_parallel_executor.executor.parallel:loop closed
[5.635s] DEBUG:colcon.colcon_parallel_executor.executor.parallel:run_until_complete finished with '0'
[5.635s] DEBUG:colcon.colcon_core.event_reactor:joining thread
[5.746s] INFO:colcon.colcon_core.plugin_system:Skipping extension 'colcon_notification.desktop_notification.terminal_notifier': Not used on non-Darwin systems
[5.746s] INFO:colcon.colcon_core.plugin_system:Skipping extension 'colcon_notification.desktop_notification.win32': Not used on non-Windows systems
[5.746s] INFO:colcon.colcon_notification.desktop_notification:Sending desktop notification using 'notify2'
[5.803s] DEBUG:colcon.colcon_core.event_reactor:joined thread
[5.860s] INFO:colcon.colcon_core.shell:Creating prefix script '/home/heron/clydesdale_ws/install/local_setup.ps1'
[5.863s] INFO:colcon.colcon_core.shell:Creating prefix util module '/home/heron/clydesdale_ws/install/_local_setup_util_ps1.py'
[5.868s] INFO:colcon.colcon_core.shell:Creating prefix chain script '/home/heron/clydesdale_ws/install/setup.ps1'
[5.924s] INFO:colcon.colcon_core.shell:Creating prefix script '/home/heron/clydesdale_ws/install/local_setup.sh'
[5.925s] INFO:colcon.colcon_core.shell:Creating prefix util module '/home/heron/clydesdale_ws/install/_local_setup_util_sh.py'
[5.926s] INFO:colcon.colcon_core.shell:Creating prefix chain script '/home/heron/clydesdale_ws/install/setup.sh'
[5.981s] INFO:colcon.colcon_core.shell:Creating prefix script '/home/heron/clydesdale_ws/install/local_setup.bash'
[5.982s] INFO:colcon.colcon_core.shell:Creating prefix chain script '/home/heron/clydesdale_ws/install/setup.bash'
[6.036s] INFO:colcon.colcon_core.shell:Creating prefix script '/home/heron/clydesdale_ws/install/local_setup.zsh'
[6.037s] INFO:colcon.colcon_core.shell:Creating prefix chain script '/home/heron/clydesdale_ws/install/setup.zsh'
