[0.257s] Invoking command in '/home/heron/clydesdale_ws/build/clydesdale_robot': CMAKE_PREFIX_PATH=${CMAKE_PREFIX_PATH}:/opt/ros/iron /usr/bin/cmake --build /home/heron/clydesdale_ws/build/clydesdale_robot -- -j4 -l4
[0.398s] Invoked command in '/home/heron/clydesdale_ws/build/clydesdale_robot' returned '0': CMAKE_PREFIX_PATH=${CMAKE_PREFIX_PATH}:/opt/ros/iron /usr/bin/cmake --build /home/heron/clydesdale_ws/build/clydesdale_robot -- -j4 -l4
[0.507s] Invoking command in '/home/heron/clydesdale_ws/build/clydesdale_robot': CMAKE_PREFIX_PATH=${CMAKE_PREFIX_PATH}:/opt/ros/iron /usr/bin/cmake --install /home/heron/clydesdale_ws/build/clydesdale_robot
[0.531s] -- Install configuration: ""
[0.532s] -- Up-to-date: /home/heron/clydesdale_ws/install/clydesdale_robot/share/clydesdale_robot/config
[0.532s] -- Up-to-date: /home/heron/clydesdale_ws/install/clydesdale_robot/share/clydesdale_robot/config/config.rviz
[0.532s] -- Up-to-date: /home/heron/clydesdale_ws/install/clydesdale_robot/share/clydesdale_robot/description
[0.533s] -- Installing: /home/heron/clydesdale_ws/install/clydesdale_robot/share/clydesdale_robot/description/clydedale_robot_core.urdf.xacro
[0.533s] -- Up-to-date: /home/heron/clydesdale_ws/install/clydesdale_robot/share/clydesdale_robot/description/clydesdale_robot.urdf.xacro
[0.534s] -- Up-to-date: /home/heron/clydesdale_ws/install/clydesdale_robot/share/clydesdale_robot/description/inertial_macros.xacro
[0.534s] -- Up-to-date: /home/heron/clydesdale_ws/install/clydesdale_robot/share/clydesdale_robot/launch
[0.534s] -- Up-to-date: /home/heron/clydesdale_ws/install/clydesdale_robot/share/clydesdale_robot/launch/my_launch.py
[0.535s] -- Installing: /home/heron/clydesdale_ws/install/clydesdale_robot/share/clydesdale_robot/launch/gazebo_launch.py
[0.535s] -- Up-to-date: /home/heron/clydesdale_ws/install/clydesdale_robot/share/clydesdale_robot/worlds
[0.535s] -- Up-to-date: /home/heron/clydesdale_ws/install/clydesdale_robot/share/ament_index/resource_index/package_run_dependencies/clydesdale_robot
[0.536s] -- Up-to-date: /home/heron/clydesdale_ws/install/clydesdale_robot/share/ament_index/resource_index/parent_prefix_path/clydesdale_robot
[0.536s] -- Up-to-date: /home/heron/clydesdale_ws/install/clydesdale_robot/share/clydesdale_robot/environment/ament_prefix_path.sh
[0.536s] -- Up-to-date: /home/heron/clydesdale_ws/install/clydesdale_robot/share/clydesdale_robot/environment/ament_prefix_path.dsv
[0.536s] -- Up-to-date: /home/heron/clydesdale_ws/install/clydesdale_robot/share/clydesdale_robot/environment/path.sh
[0.537s] -- Up-to-date: /home/heron/clydesdale_ws/install/clydesdale_robot/share/clydesdale_robot/environment/path.dsv
[0.537s] -- Up-to-date: /home/heron/clydesdale_ws/install/clydesdale_robot/share/clydesdale_robot/local_setup.bash
[0.538s] -- Up-to-date: /home/heron/clydesdale_ws/install/clydesdale_robot/share/clydesdale_robot/local_setup.sh
[0.538s] -- Up-to-date: /home/heron/clydesdale_ws/install/clydesdale_robot/share/clydesdale_robot/local_setup.zsh
[0.539s] -- Up-to-date: /home/heron/clydesdale_ws/install/clydesdale_robot/share/clydesdale_robot/local_setup.dsv
[0.540s] -- Installing: /home/heron/clydesdale_ws/install/clydesdale_robot/share/clydesdale_robot/package.dsv
[0.541s] -- Up-to-date: /home/heron/clydesdale_ws/install/clydesdale_robot/share/ament_index/resource_index/packages/clydesdale_robot
[0.541s] -- Up-to-date: /home/heron/clydesdale_ws/install/clydesdale_robot/share/clydesdale_robot/cmake/clydesdale_robotConfig.cmake
[0.542s] -- Up-to-date: /home/heron/clydesdale_ws/install/clydesdale_robot/share/clydesdale_robot/cmake/clydesdale_robotConfig-version.cmake
[0.543s] -- Up-to-date: /home/heron/clydesdale_ws/install/clydesdale_robot/share/clydesdale_robot/package.xml
[0.543s] Invoked command in '/home/heron/clydesdale_ws/build/clydesdale_robot' returned '0': CMAKE_PREFIX_PATH=${CMAKE_PREFIX_PATH}:/opt/ros/iron /usr/bin/cmake --install /home/heron/clydesdale_ws/build/clydesdale_robot
