[3.487s] DEBUG:colcon:Command line arguments: ['/usr/bin/colcon', 'build']
[3.488s] DEBUG:colcon:Parsed command line arguments: Namespace(log_base=None, log_level=None, verb_name='build', build_base='build', install_base='install', merge_install=False, symlink_install=False, test_result_base=None, continue_on_error=False, executor='parallel', parallel_workers=4, event_handlers=None, ignore_user_meta=False, metas=['./colcon.meta'], base_paths=['.'], packages_ignore=None, packages_ignore_regex=None, paths=None, packages_up_to=None, packages_up_to_regex=None, packages_above=None, packages_above_and_dependencies=None, packages_above_depth=None, packages_select_by_dep=None, packages_skip_by_dep=None, packages_skip_up_to=None, packages_select_build_failed=False, packages_skip_build_finished=False, packages_select_test_failures=False, packages_skip_test_passed=False, packages_select=None, packages_skip=None, packages_select_regex=None, packages_skip_regex=None, packages_start=None, packages_end=None, allow_overriding=[], cmake_args=None, cmake_target=None, cmake_target_skip_unavailable=False, cmake_clean_cache=False, cmake_clean_first=False, cmake_force_configure=False, ament_cmake_args=None, catkin_cmake_args=None, catkin_skip_building_tests=False, verb_parser=<colcon_defaults.argument_parser.defaults.DefaultArgumentsDecorator object at 0x7f5f3bdc37f0>, verb_extension=<colcon_core.verb.build.BuildVerb object at 0x7f5f3c233d60>, main=<bound method BuildVerb.main of <colcon_core.verb.build.BuildVerb object at 0x7f5f3c233d60>>)
[3.638s] Level 1:colcon.colcon_core.package_discovery:discover_packages(colcon_meta) check parameters
[3.638s] Level 1:colcon.colcon_core.package_discovery:discover_packages(recursive) check parameters
[3.638s] Level 1:colcon.colcon_core.package_discovery:discover_packages(ignore) check parameters
[3.638s] Level 1:colcon.colcon_core.package_discovery:discover_packages(path) check parameters
[3.638s] Level 1:colcon.colcon_core.package_discovery:discover_packages(colcon_meta) discover
[3.638s] Level 1:colcon.colcon_core.package_discovery:discover_packages(recursive) discover
[3.638s] INFO:colcon.colcon_core.package_discovery:Crawling recursively for packages in '/home/heron/clydesdale_ws'
[3.639s] Level 1:colcon.colcon_core.package_identification:_identify(.) by extensions ['ignore', 'ignore_ament_install']
[3.639s] Level 1:colcon.colcon_core.package_identification:_identify(.) by extension 'ignore'
[3.639s] Level 1:colcon.colcon_core.package_identification:_identify(.) by extension 'ignore_ament_install'
[3.639s] Level 1:colcon.colcon_core.package_identification:_identify(.) by extensions ['colcon_pkg']
[3.639s] Level 1:colcon.colcon_core.package_identification:_identify(.) by extension 'colcon_pkg'
[3.640s] Level 1:colcon.colcon_core.package_identification:_identify(.) by extensions ['colcon_meta']
[3.640s] Level 1:colcon.colcon_core.package_identification:_identify(.) by extension 'colcon_meta'
[3.640s] Level 1:colcon.colcon_core.package_identification:_identify(.) by extensions ['ros']
[3.640s] Level 1:colcon.colcon_core.package_identification:_identify(.) by extension 'ros'
[3.675s] Level 1:colcon.colcon_core.package_identification:_identify(.) by extensions ['cmake', 'python']
[3.675s] Level 1:colcon.colcon_core.package_identification:_identify(.) by extension 'cmake'
[3.675s] Level 1:colcon.colcon_core.package_identification:_identify(.) by extension 'python'
[3.675s] Level 1:colcon.colcon_core.package_identification:_identify(.) by extensions ['python_setup_py']
[3.675s] Level 1:colcon.colcon_core.package_identification:_identify(.) by extension 'python_setup_py'
[3.676s] Level 1:colcon.colcon_core.package_identification:_identify(build) by extensions ['ignore', 'ignore_ament_install']
[3.676s] Level 1:colcon.colcon_core.package_identification:_identify(build) by extension 'ignore'
[3.676s] Level 1:colcon.colcon_core.package_identification:_identify(build) ignored
[3.676s] Level 1:colcon.colcon_core.package_identification:_identify(install) by extensions ['ignore', 'ignore_ament_install']
[3.677s] Level 1:colcon.colcon_core.package_identification:_identify(install) by extension 'ignore'
[3.677s] Level 1:colcon.colcon_core.package_identification:_identify(install) ignored
[3.677s] Level 1:colcon.colcon_core.package_identification:_identify(log) by extensions ['ignore', 'ignore_ament_install']
[3.677s] Level 1:colcon.colcon_core.package_identification:_identify(log) by extension 'ignore'
[3.677s] Level 1:colcon.colcon_core.package_identification:_identify(log) ignored
[3.678s] Level 1:colcon.colcon_core.package_identification:_identify(src) by extensions ['ignore', 'ignore_ament_install']
[3.678s] Level 1:colcon.colcon_core.package_identification:_identify(src) by extension 'ignore'
[3.678s] Level 1:colcon.colcon_core.package_identification:_identify(src) by extension 'ignore_ament_install'
[3.678s] Level 1:colcon.colcon_core.package_identification:_identify(src) by extensions ['colcon_pkg']
[3.678s] Level 1:colcon.colcon_core.package_identification:_identify(src) by extension 'colcon_pkg'
[3.678s] Level 1:colcon.colcon_core.package_identification:_identify(src) by extensions ['colcon_meta']
[3.678s] Level 1:colcon.colcon_core.package_identification:_identify(src) by extension 'colcon_meta'
[3.679s] Level 1:colcon.colcon_core.package_identification:_identify(src) by extensions ['ros']
[3.679s] Level 1:colcon.colcon_core.package_identification:_identify(src) by extension 'ros'
[3.679s] Level 1:colcon.colcon_core.package_identification:_identify(src) by extensions ['cmake', 'python']
[3.679s] Level 1:colcon.colcon_core.package_identification:_identify(src) by extension 'cmake'
[3.679s] Level 1:colcon.colcon_core.package_identification:_identify(src) by extension 'python'
[3.679s] Level 1:colcon.colcon_core.package_identification:_identify(src) by extensions ['python_setup_py']
[3.679s] Level 1:colcon.colcon_core.package_identification:_identify(src) by extension 'python_setup_py'
[3.680s] Level 1:colcon.colcon_core.package_identification:_identify(src/clydesdale_robot) by extensions ['ignore', 'ignore_ament_install']
[3.680s] Level 1:colcon.colcon_core.package_identification:_identify(src/clydesdale_robot) by extension 'ignore'
[3.680s] Level 1:colcon.colcon_core.package_identification:_identify(src/clydesdale_robot) by extension 'ignore_ament_install'
[3.680s] Level 1:colcon.colcon_core.package_identification:_identify(src/clydesdale_robot) by extensions ['colcon_pkg']
[3.680s] Level 1:colcon.colcon_core.package_identification:_identify(src/clydesdale_robot) by extension 'colcon_pkg'
[3.680s] Level 1:colcon.colcon_core.package_identification:_identify(src/clydesdale_robot) by extensions ['colcon_meta']
[3.680s] Level 1:colcon.colcon_core.package_identification:_identify(src/clydesdale_robot) by extension 'colcon_meta'
[3.681s] Level 1:colcon.colcon_core.package_identification:_identify(src/clydesdale_robot) by extensions ['ros']
[3.681s] Level 1:colcon.colcon_core.package_identification:_identify(src/clydesdale_robot) by extension 'ros'
[3.687s] DEBUG:colcon.colcon_core.package_identification:Package 'src/clydesdale_robot' with type 'ros.ament_cmake' and name 'clydesdale_robot'
[3.688s] Level 1:colcon.colcon_core.package_discovery:discover_packages(recursive) using defaults
[3.688s] Level 1:colcon.colcon_core.package_discovery:discover_packages(ignore) discover
[3.688s] Level 1:colcon.colcon_core.package_discovery:discover_packages(ignore) using defaults
[3.688s] Level 1:colcon.colcon_core.package_discovery:discover_packages(path) discover
[3.688s] Level 1:colcon.colcon_core.package_discovery:discover_packages(path) using defaults
[3.994s] Level 1:colcon.colcon_core.package_discovery:discover_packages(prefix_path) check parameters
[3.994s] Level 1:colcon.colcon_core.package_discovery:discover_packages(prefix_path) discover
[4.098s] DEBUG:colcon.colcon_installed_package_information.package_discovery:Found 1 installed packages in /home/heron/clydesdale_ws/install
[4.153s] DEBUG:colcon.colcon_installed_package_information.package_discovery:Found 293 installed packages in /opt/ros/iron
[4.159s] Level 1:colcon.colcon_core.package_discovery:discover_packages(prefix_path) using defaults
[4.486s] Level 5:colcon.colcon_core.verb:set package 'clydesdale_robot' build argument 'cmake_args' from command line to 'None'
[4.486s] Level 5:colcon.colcon_core.verb:set package 'clydesdale_robot' build argument 'cmake_target' from command line to 'None'
[4.486s] Level 5:colcon.colcon_core.verb:set package 'clydesdale_robot' build argument 'cmake_target_skip_unavailable' from command line to 'False'
[4.487s] Level 5:colcon.colcon_core.verb:set package 'clydesdale_robot' build argument 'cmake_clean_cache' from command line to 'False'
[4.487s] Level 5:colcon.colcon_core.verb:set package 'clydesdale_robot' build argument 'cmake_clean_first' from command line to 'False'
[4.487s] Level 5:colcon.colcon_core.verb:set package 'clydesdale_robot' build argument 'cmake_force_configure' from command line to 'False'
[4.487s] Level 5:colcon.colcon_core.verb:set package 'clydesdale_robot' build argument 'ament_cmake_args' from command line to 'None'
[4.487s] Level 5:colcon.colcon_core.verb:set package 'clydesdale_robot' build argument 'catkin_cmake_args' from command line to 'None'
[4.487s] Level 5:colcon.colcon_core.verb:set package 'clydesdale_robot' build argument 'catkin_skip_building_tests' from command line to 'False'
[4.487s] DEBUG:colcon.colcon_core.verb:Building package 'clydesdale_robot' with the following arguments: {'ament_cmake_args': None, 'build_base': '/home/heron/clydesdale_ws/build/clydesdale_robot', 'catkin_cmake_args': None, 'catkin_skip_building_tests': False, 'cmake_args': None, 'cmake_clean_cache': False, 'cmake_clean_first': False, 'cmake_force_configure': False, 'cmake_target': None, 'cmake_target_skip_unavailable': False, 'install_base': '/home/heron/clydesdale_ws/install/clydesdale_robot', 'merge_install': False, 'path': '/home/heron/clydesdale_ws/src/clydesdale_robot', 'symlink_install': False, 'test_result_base': None}
[4.538s] INFO:colcon.colcon_core.executor:Executing jobs using 'parallel' executor
[4.589s] DEBUG:colcon.colcon_parallel_executor.executor.parallel:run_until_complete
[4.590s] INFO:colcon.colcon_ros.task.ament_cmake.build:Building ROS package in '/home/heron/clydesdale_ws/src/clydesdale_robot' with build type 'ament_cmake'
[4.590s] INFO:colcon.colcon_cmake.task.cmake.build:Building CMake package in '/home/heron/clydesdale_ws/src/clydesdale_robot'
[4.647s] INFO:colcon.colcon_core.plugin_system:Skipping extension 'colcon_core.shell.bat': Not used on non-Windows systems
[4.648s] INFO:colcon.colcon_core.shell:Skip shell extension 'powershell' for command environment: Not usable outside of PowerShell
[4.648s] DEBUG:colcon.colcon_core.shell:Skip shell extension 'dsv' for command environment
[4.828s] DEBUG:colcon.colcon_core.event_handler.log_command:Invoking command in '/home/heron/clydesdale_ws/build/clydesdale_robot': CMAKE_PREFIX_PATH=${CMAKE_PREFIX_PATH}:/opt/ros/iron /usr/bin/cmake --build /home/heron/clydesdale_ws/build/clydesdale_robot -- -j4 -l4
[5.726s] DEBUG:colcon.colcon_core.event_handler.log_command:Invoked command in '/home/heron/clydesdale_ws/build/clydesdale_robot' returned '0': CMAKE_PREFIX_PATH=${CMAKE_PREFIX_PATH}:/opt/ros/iron /usr/bin/cmake --build /home/heron/clydesdale_ws/build/clydesdale_robot -- -j4 -l4
[5.816s] DEBUG:colcon.colcon_core.event_handler.log_command:Invoking command in '/home/heron/clydesdale_ws/build/clydesdale_robot': CMAKE_PREFIX_PATH=${CMAKE_PREFIX_PATH}:/opt/ros/iron /usr/bin/cmake --install /home/heron/clydesdale_ws/build/clydesdale_robot
[5.851s] Level 1:colcon.colcon_core.environment:create_environment_scripts_only(clydesdale_robot)
[5.853s] DEBUG:colcon.colcon_core.event_handler.log_command:Invoked command in '/home/heron/clydesdale_ws/build/clydesdale_robot' returned '0': CMAKE_PREFIX_PATH=${CMAKE_PREFIX_PATH}:/opt/ros/iron /usr/bin/cmake --install /home/heron/clydesdale_ws/build/clydesdale_robot
[5.954s] Level 1:colcon.colcon_core.environment:checking '/home/heron/clydesdale_ws/install/clydesdale_robot' for CMake module files
[5.956s] Level 1:colcon.colcon_core.environment:checking '/home/heron/clydesdale_ws/install/clydesdale_robot' for CMake config files
[5.957s] Level 1:colcon.colcon_core.shell:create_environment_hook('clydesdale_robot', 'cmake_prefix_path')
[6.008s] INFO:colcon.colcon_core.shell:Creating environment hook '/home/heron/clydesdale_ws/install/clydesdale_robot/share/clydesdale_robot/hook/cmake_prefix_path.ps1'
[6.009s] INFO:colcon.colcon_core.shell:Creating environment descriptor '/home/heron/clydesdale_ws/install/clydesdale_robot/share/clydesdale_robot/hook/cmake_prefix_path.dsv'
[6.010s] INFO:colcon.colcon_core.shell:Creating environment hook '/home/heron/clydesdale_ws/install/clydesdale_robot/share/clydesdale_robot/hook/cmake_prefix_path.sh'
[6.012s] Level 1:colcon.colcon_core.environment:checking '/home/heron/clydesdale_ws/install/clydesdale_robot/bin'
[6.013s] Level 1:colcon.colcon_core.environment:checking '/home/heron/clydesdale_ws/install/clydesdale_robot/lib/pkgconfig/clydesdale_robot.pc'
[6.013s] Level 1:colcon.colcon_core.environment:checking '/home/heron/clydesdale_ws/install/clydesdale_robot/lib/python3.10/site-packages'
[6.014s] Level 1:colcon.colcon_core.environment:checking '/home/heron/clydesdale_ws/install/clydesdale_robot/bin'
[6.067s] INFO:colcon.colcon_core.shell:Creating package script '/home/heron/clydesdale_ws/install/clydesdale_robot/share/clydesdale_robot/package.ps1'
[6.070s] INFO:colcon.colcon_core.shell:Creating package descriptor '/home/heron/clydesdale_ws/install/clydesdale_robot/share/clydesdale_robot/package.dsv'
[6.071s] INFO:colcon.colcon_core.shell:Creating package script '/home/heron/clydesdale_ws/install/clydesdale_robot/share/clydesdale_robot/package.sh'
[6.073s] INFO:colcon.colcon_core.shell:Creating package script '/home/heron/clydesdale_ws/install/clydesdale_robot/share/clydesdale_robot/package.bash'
[6.075s] INFO:colcon.colcon_core.shell:Creating package script '/home/heron/clydesdale_ws/install/clydesdale_robot/share/clydesdale_robot/package.zsh'
[6.078s] Level 1:colcon.colcon_core.environment:create_file_with_runtime_dependencies(/home/heron/clydesdale_ws/install/clydesdale_robot/share/colcon-core/packages/clydesdale_robot)
[6.215s] Level 1:colcon.colcon_core.environment:create_environment_scripts_only(clydesdale_robot)
[6.268s] Level 1:colcon.colcon_core.environment:checking '/home/heron/clydesdale_ws/install/clydesdale_robot' for CMake module files
[6.271s] Level 1:colcon.colcon_core.environment:checking '/home/heron/clydesdale_ws/install/clydesdale_robot' for CMake config files
[6.271s] Level 1:colcon.colcon_core.shell:create_environment_hook('clydesdale_robot', 'cmake_prefix_path')
[6.323s] INFO:colcon.colcon_core.shell:Creating environment hook '/home/heron/clydesdale_ws/install/clydesdale_robot/share/clydesdale_robot/hook/cmake_prefix_path.ps1'
[6.325s] INFO:colcon.colcon_core.shell:Creating environment descriptor '/home/heron/clydesdale_ws/install/clydesdale_robot/share/clydesdale_robot/hook/cmake_prefix_path.dsv'
[6.327s] INFO:colcon.colcon_core.shell:Creating environment hook '/home/heron/clydesdale_ws/install/clydesdale_robot/share/clydesdale_robot/hook/cmake_prefix_path.sh'
[6.328s] Level 1:colcon.colcon_core.environment:checking '/home/heron/clydesdale_ws/install/clydesdale_robot/bin'
[6.328s] Level 1:colcon.colcon_core.environment:checking '/home/heron/clydesdale_ws/install/clydesdale_robot/lib/pkgconfig/clydesdale_robot.pc'
[6.329s] Level 1:colcon.colcon_core.environment:checking '/home/heron/clydesdale_ws/install/clydesdale_robot/lib/python3.10/site-packages'
[6.330s] Level 1:colcon.colcon_core.environment:checking '/home/heron/clydesdale_ws/install/clydesdale_robot/bin'
[6.381s] INFO:colcon.colcon_core.shell:Creating package script '/home/heron/clydesdale_ws/install/clydesdale_robot/share/clydesdale_robot/package.ps1'
[6.383s] INFO:colcon.colcon_core.shell:Creating package descriptor '/home/heron/clydesdale_ws/install/clydesdale_robot/share/clydesdale_robot/package.dsv'
[6.384s] INFO:colcon.colcon_core.shell:Creating package script '/home/heron/clydesdale_ws/install/clydesdale_robot/share/clydesdale_robot/package.sh'
[6.385s] INFO:colcon.colcon_core.shell:Creating package script '/home/heron/clydesdale_ws/install/clydesdale_robot/share/clydesdale_robot/package.bash'
[6.386s] INFO:colcon.colcon_core.shell:Creating package script '/home/heron/clydesdale_ws/install/clydesdale_robot/share/clydesdale_robot/package.zsh'
[6.387s] Level 1:colcon.colcon_core.environment:create_file_with_runtime_dependencies(/home/heron/clydesdale_ws/install/clydesdale_robot/share/colcon-core/packages/clydesdale_robot)
[6.387s] DEBUG:colcon.colcon_parallel_executor.executor.parallel:closing loop
[6.388s] DEBUG:colcon.colcon_parallel_executor.executor.parallel:loop closed
[6.388s] DEBUG:colcon.colcon_parallel_executor.executor.parallel:run_until_complete finished with '0'
[6.389s] DEBUG:colcon.colcon_core.event_reactor:joining thread
[6.498s] INFO:colcon.colcon_core.plugin_system:Skipping extension 'colcon_notification.desktop_notification.terminal_notifier': Not used on non-Darwin systems
[6.499s] INFO:colcon.colcon_core.plugin_system:Skipping extension 'colcon_notification.desktop_notification.win32': Not used on non-Windows systems
[6.499s] INFO:colcon.colcon_notification.desktop_notification:Sending desktop notification using 'notify2'
[6.558s] DEBUG:colcon.colcon_core.event_reactor:joined thread
[6.621s] INFO:colcon.colcon_core.shell:Creating prefix script '/home/heron/clydesdale_ws/install/local_setup.ps1'
[6.624s] INFO:colcon.colcon_core.shell:Creating prefix util module '/home/heron/clydesdale_ws/install/_local_setup_util_ps1.py'
[6.628s] INFO:colcon.colcon_core.shell:Creating prefix chain script '/home/heron/clydesdale_ws/install/setup.ps1'
[6.682s] INFO:colcon.colcon_core.shell:Creating prefix script '/home/heron/clydesdale_ws/install/local_setup.sh'
[6.684s] INFO:colcon.colcon_core.shell:Creating prefix util module '/home/heron/clydesdale_ws/install/_local_setup_util_sh.py'
[6.685s] INFO:colcon.colcon_core.shell:Creating prefix chain script '/home/heron/clydesdale_ws/install/setup.sh'
[6.740s] INFO:colcon.colcon_core.shell:Creating prefix script '/home/heron/clydesdale_ws/install/local_setup.bash'
[6.741s] INFO:colcon.colcon_core.shell:Creating prefix chain script '/home/heron/clydesdale_ws/install/setup.bash'
[6.794s] INFO:colcon.colcon_core.shell:Creating prefix script '/home/heron/clydesdale_ws/install/local_setup.zsh'
[6.795s] INFO:colcon.colcon_core.shell:Creating prefix chain script '/home/heron/clydesdale_ws/install/setup.zsh'
