[0.292s] Invoking command in '/home/heron/clydesdale_ws/build/clydesdale_robot': CMAKE_PREFIX_PATH=${CMAKE_PREFIX_PATH}:/opt/ros/iron /usr/bin/cmake --build /home/heron/clydesdale_ws/build/clydesdale_robot -- -j4 -l4
[0.647s] Invoked command in '/home/heron/clydesdale_ws/build/clydesdale_robot' returned '0': CMAKE_PREFIX_PATH=${CMAKE_PREFIX_PATH}:/opt/ros/iron /usr/bin/cmake --build /home/heron/clydesdale_ws/build/clydesdale_robot -- -j4 -l4
[0.765s] Invoking command in '/home/heron/clydesdale_ws/build/clydesdale_robot': CMAKE_PREFIX_PATH=${CMAKE_PREFIX_PATH}:/opt/ros/iron /usr/bin/cmake --install /home/heron/clydesdale_ws/build/clydesdale_robot
[0.794s] -- Install configuration: ""
[0.794s] -- Up-to-date: /home/heron/clydesdale_ws/install/clydesdale_robot/share/clydesdale_robot/config
[0.794s] -- Up-to-date: /home/heron/clydesdale_ws/install/clydesdale_robot/share/clydesdale_robot/description
[0.795s] -- Up-to-date: /home/heron/clydesdale_ws/install/clydesdale_robot/share/clydesdale_robot/description/clydedale_robot_core.urdf.xacro
[0.796s] -- Up-to-date: /home/heron/clydesdale_ws/install/clydesdale_robot/share/clydesdale_robot/description/clydesdale_robot.urdf.xacro
[0.796s] -- Up-to-date: /home/heron/clydesdale_ws/install/clydesdale_robot/share/clydesdale_robot/description/inertial_macros.xacro
[0.796s] -- Up-to-date: /home/heron/clydesdale_ws/install/clydesdale_robot/share/clydesdale_robot/launch
[0.796s] -- Installing: /home/heron/clydesdale_ws/install/clydesdale_robot/share/clydesdale_robot/launch/my_launch.py
[0.797s] -- Up-to-date: /home/heron/clydesdale_ws/install/clydesdale_robot/share/clydesdale_robot/worlds
[0.797s] -- Up-to-date: /home/heron/clydesdale_ws/install/clydesdale_robot/share/ament_index/resource_index/package_run_dependencies/clydesdale_robot
[0.798s] -- Up-to-date: /home/heron/clydesdale_ws/install/clydesdale_robot/share/ament_index/resource_index/parent_prefix_path/clydesdale_robot
[0.798s] -- Up-to-date: /home/heron/clydesdale_ws/install/clydesdale_robot/share/clydesdale_robot/environment/ament_prefix_path.sh
[0.798s] -- Up-to-date: /home/heron/clydesdale_ws/install/clydesdale_robot/share/clydesdale_robot/environment/ament_prefix_path.dsv
[0.798s] -- Up-to-date: /home/heron/clydesdale_ws/install/clydesdale_robot/share/clydesdale_robot/environment/path.sh
[0.799s] -- Up-to-date: /home/heron/clydesdale_ws/install/clydesdale_robot/share/clydesdale_robot/environment/path.dsv
[0.799s] -- Up-to-date: /home/heron/clydesdale_ws/install/clydesdale_robot/share/clydesdale_robot/local_setup.bash
[0.799s] -- Up-to-date: /home/heron/clydesdale_ws/install/clydesdale_robot/share/clydesdale_robot/local_setup.sh
[0.799s] -- Up-to-date: /home/heron/clydesdale_ws/install/clydesdale_robot/share/clydesdale_robot/local_setup.zsh
[0.800s] -- Up-to-date: /home/heron/clydesdale_ws/install/clydesdale_robot/share/clydesdale_robot/local_setup.dsv
[0.800s] -- Installing: /home/heron/clydesdale_ws/install/clydesdale_robot/share/clydesdale_robot/package.dsv
[0.800s] -- Up-to-date: /home/heron/clydesdale_ws/install/clydesdale_robot/share/ament_index/resource_index/packages/clydesdale_robot
[0.801s] -- Up-to-date: /home/heron/clydesdale_ws/install/clydesdale_robot/share/clydesdale_robot/cmake/clydesdale_robotConfig.cmake
[0.801s] -- Up-to-date: /home/heron/clydesdale_ws/install/clydesdale_robot/share/clydesdale_robot/cmake/clydesdale_robotConfig-version.cmake
[0.801s] -- Up-to-date: /home/heron/clydesdale_ws/install/clydesdale_robot/share/clydesdale_robot/package.xml
[0.803s] Invoked command in '/home/heron/clydesdale_ws/build/clydesdale_robot' returned '0': CMAKE_PREFIX_PATH=${CMAKE_PREFIX_PATH}:/opt/ros/iron /usr/bin/cmake --install /home/heron/clydesdale_ws/build/clydesdale_robot
