[0.299s] Invoking command in '/home/heron/clydesdale_ws/build/clydesdale_robot': CMAKE_PREFIX_PATH=${CMAKE_PREFIX_PATH}:/opt/ros/iron /usr/bin/cmake --build /home/heron/clydesdale_ws/build/clydesdale_robot -- -j4 -l4
[0.700s] Invoked command in '/home/heron/clydesdale_ws/build/clydesdale_robot' returned '0': CMAKE_PREFIX_PATH=${CMAKE_PREFIX_PATH}:/opt/ros/iron /usr/bin/cmake --build /home/heron/clydesdale_ws/build/clydesdale_robot -- -j4 -l4
[0.822s] Invoking command in '/home/heron/clydesdale_ws/build/clydesdale_robot': CMAKE_PREFIX_PATH=${CMAKE_PREFIX_PATH}:/opt/ros/iron /usr/bin/cmake --install /home/heron/clydesdale_ws/build/clydesdale_robot
[0.865s] -- Install configuration: ""
[0.875s] -- Up-to-date: /home/heron/clydesdale_ws/install/clydesdale_robot/share/clydesdale_robot/config
[0.876s] -- Up-to-date: /home/heron/clydesdale_ws/install/clydesdale_robot/share/clydesdale_robot/config/config.rviz
[0.877s] -- Up-to-date: /home/heron/clydesdale_ws/install/clydesdale_robot/share/clydesdale_robot/description
[0.877s] -- Up-to-date: /home/heron/clydesdale_ws/install/clydesdale_robot/share/clydesdale_robot/description/clydedale_robot_core.urdf.xacro
[0.878s] -- Up-to-date: /home/heron/clydesdale_ws/install/clydesdale_robot/share/clydesdale_robot/description/clydesdale_robot.urdf.xacro
[0.878s] -- Up-to-date: /home/heron/clydesdale_ws/install/clydesdale_robot/share/clydesdale_robot/description/gazebo_control.urdf.xacro
[0.879s] -- Up-to-date: /home/heron/clydesdale_ws/install/clydesdale_robot/share/clydesdale_robot/description/inertial_macros.xacro
[0.879s] -- Up-to-date: /home/heron/clydesdale_ws/install/clydesdale_robot/share/clydesdale_robot/launch
[0.880s] -- Installing: /home/heron/clydesdale_ws/install/clydesdale_robot/share/clydesdale_robot/launch/my_launch.py
[0.881s] -- Up-to-date: /home/heron/clydesdale_ws/install/clydesdale_robot/share/clydesdale_robot/launch/gazebo_launch.py
[0.881s] -- Up-to-date: /home/heron/clydesdale_ws/install/clydesdale_robot/share/clydesdale_robot/worlds
[0.882s] -- Installing: /home/heron/clydesdale_ws/install/clydesdale_robot/share/clydesdale_robot/worlds/obstacles.world
[0.893s] -- Up-to-date: /home/heron/clydesdale_ws/install/clydesdale_robot/share/ament_index/resource_index/package_run_dependencies/clydesdale_robot
[0.910s] -- Up-to-date: /home/heron/clydesdale_ws/install/clydesdale_robot/share/ament_index/resource_index/parent_prefix_path/clydesdale_robot
[0.911s] -- Up-to-date: /home/heron/clydesdale_ws/install/clydesdale_robot/share/clydesdale_robot/environment/ament_prefix_path.sh
[0.912s] -- Up-to-date: /home/heron/clydesdale_ws/install/clydesdale_robot/share/clydesdale_robot/environment/ament_prefix_path.dsv
[0.912s] -- Up-to-date: /home/heron/clydesdale_ws/install/clydesdale_robot/share/clydesdale_robot/environment/path.sh
[0.913s] -- Up-to-date: /home/heron/clydesdale_ws/install/clydesdale_robot/share/clydesdale_robot/environment/path.dsv
[0.913s] -- Up-to-date: /home/heron/clydesdale_ws/install/clydesdale_robot/share/clydesdale_robot/local_setup.bash
[0.914s] -- Up-to-date: /home/heron/clydesdale_ws/install/clydesdale_robot/share/clydesdale_robot/local_setup.sh
[0.914s] -- Up-to-date: /home/heron/clydesdale_ws/install/clydesdale_robot/share/clydesdale_robot/local_setup.zsh
[0.915s] -- Up-to-date: /home/heron/clydesdale_ws/install/clydesdale_robot/share/clydesdale_robot/local_setup.dsv
[0.915s] -- Installing: /home/heron/clydesdale_ws/install/clydesdale_robot/share/clydesdale_robot/package.dsv
[0.928s] -- Up-to-date: /home/heron/clydesdale_ws/install/clydesdale_robot/share/ament_index/resource_index/packages/clydesdale_robot
[0.929s] -- Up-to-date: /home/heron/clydesdale_ws/install/clydesdale_robot/share/clydesdale_robot/cmake/clydesdale_robotConfig.cmake
[0.930s] -- Up-to-date: /home/heron/clydesdale_ws/install/clydesdale_robot/share/clydesdale_robot/cmake/clydesdale_robotConfig-version.cmake
[0.930s] -- Up-to-date: /home/heron/clydesdale_ws/install/clydesdale_robot/share/clydesdale_robot/package.xml
[0.949s] Invoked command in '/home/heron/clydesdale_ws/build/clydesdale_robot' returned '0': CMAKE_PREFIX_PATH=${CMAKE_PREFIX_PATH}:/opt/ros/iron /usr/bin/cmake --install /home/heron/clydesdale_ws/build/clydesdale_robot
